[15376:12232:0201/011028.119:WARNING:chrome_main_delegate.cc(745)] This is Chrome version 128.0.6613.138 (not a warning)
[15376:10232:0201/011028.379:ERROR:google_update_settings.cc(265)] Failed opening key Software\Chromium to set usagestats; result: 5
[15376:12232:0201/011028.471:WARNING:account_consistency_mode_manager.cc(77)] Desktop Identity Consistency cannot be enabled as no OAuth client ID and client secret have been configured.
[21532:10940:0201/011050.324:WARNING:frame_impl.cc(430)] virtual CefFrameImpl::SendProcessMessage sent to detached frame 5-3AC5C92E6EEA283D418A8296FA7CAA8B will be ignored
[15376:4236:0201/011051.351:ERROR:cast_crl.cc(443)] CRL - Verification failed.
[15376:4236:0201/011052.458:WARNING:browser_info.cc(345)] Returning a speculative frame for [9,9]
[15376:12232:0201/011053.442:WARNING:browser_info.cc(345)] Returning a speculative frame for [10,9]
[15376:12232:0201/011053.443:WARNING:browser_info.cc(345)] Returning a speculative frame for [10,9]
[15376:12232:0201/011053.443:WARNING:browser_info.cc(345)] Returning a speculative frame for [10,9]
[15376:12232:0201/011053.443:WARNING:browser_info.cc(345)] Returning a speculative frame for [10,9]
[15376:4236:0201/011053.457:WARNING:browser_info.cc(345)] Returning a speculative frame for [10,9]
[15376:12232:0201/011210.112:ERROR:device_event_log_impl.cc(196)] [01:12:10.091] USB: usb_service_win.cc:308 SetupDiEnumDeviceInterfaces: No se dispone de más datos. (0x103)
[15376:12232:0201/011210.113:ERROR:device_event_log_impl.cc(196)] [01:12:10.093] USB: usb_service_win.cc:308 SetupDiEnumDeviceInterfaces: No se dispone de más datos. (0x103)
[15376:12232:0201/011210.113:ERROR:device_event_log_impl.cc(196)] [01:12:10.111] USB: usb_service_win.cc:105 SetupDiGetDeviceProperty({{A45C254E-DF1C-4EFD-8020-67D146A850E0}, 6}) failed: No se ha encontrado el elemento. (0x490)
[15376:12232:0201/011210.202:ERROR:device_event_log_impl.cc(196)] [01:12:10.190] USB: usb_service_win.cc:308 SetupDiEnumDeviceInterfaces: No se dispone de más datos. (0x103)
[15376:12232:0201/011210.239:ERROR:device_event_log_impl.cc(196)] [01:12:10.224] USB: usb_service_win.cc:105 SetupDiGetDeviceProperty({{A45C254E-DF1C-4EFD-8020-67D146A850E0}, 6}) failed: No se ha encontrado el elemento. (0x490)
[3944:8996:0201/011307.002:ERROR:shared_image_manager.cc(224)] SharedImageManager::ProduceSkia: Trying to Produce a Skia representation from a non-existent mailbox.
[15376:4236:0201/011445.566:ERROR:cast_crl.cc(443)] CRL - Verification failed.
[15376:4236:0201/012047.844:ERROR:cast_crl.cc(443)] CRL - Verification failed.
[15376:12232:0201/012905.652:WARNING:pref_notifier_impl.cc(41)] Pref observer for media_router.cast_allow_all_ips found at shutdown.
